Build started 15/05/2015 7:08:39 PM.
     1>Project "Z:\GitHub\CPlusPlus\PROG 2400 Hal\MazeSolver_w0237252\MazeSolver_w0237252\MazeSolver_w0237252.vcxproj" on node 2 (Build target(s)).
     1>ClCompile:
         C:\Program Files (x86)\Microsoft Visual Studio 12.0\VC\bin\CL.exe /c /ZI /nologo /W3 /WX- /sdl /Od /Oy- /D WIN32 /D _DEBUG /D _CONSOLE /D _LIB /D _UNICODE /D UNICODE /Gm /EHsc /RTC1 /MDd /GS /fp:precise /Zc:wchar_t /Zc:forScope /Yu"stdafx.h" /Fp"Debug\MazeSolver_w0237252.pch" /Fo"Debug\\" /Fd"Debug\vc120.pdb" /Gd /TP /analyze- /errorReport:prompt Solver.cpp
         Solver.cpp
     1>z:\github\cplusplus\prog 2400 hal\mazesolver_w0237252\mazesolver_w0237252\solver.cpp(29): warning C4101: 'endY' : unreferenced local variable
     1>z:\github\cplusplus\prog 2400 hal\mazesolver_w0237252\mazesolver_w0237252\solver.cpp(28): warning C4101: 'endX' : unreferenced local variable
     1>z:\github\cplusplus\prog 2400 hal\mazesolver_w0237252\mazesolver_w0237252\solver.cpp(66): warning C4018: '<' : signed/unsigned mismatch
     1>z:\github\cplusplus\prog 2400 hal\mazesolver_w0237252\mazesolver_w0237252\solver.cpp(68): warning C4018: '<' : signed/unsigned mismatch
     1>z:\github\cplusplus\prog 2400 hal\mazesolver_w0237252\mazesolver_w0237252\solver.cpp(234): warning C4018: '<' : signed/unsigned mismatch
     1>z:\github\cplusplus\prog 2400 hal\mazesolver_w0237252\mazesolver_w0237252\solver.cpp(259): warning C4018: '<' : signed/unsigned mismatch
     1>z:\github\cplusplus\prog 2400 hal\mazesolver_w0237252\mazesolver_w0237252\solver.cpp(261): warning C4018: '<' : signed/unsigned mismatch
       Link:
         C:\Program Files (x86)\Microsoft Visual Studio 12.0\VC\bin\link.exe /ERRORREPORT:PROMPT /OUT:"Z:\GitHub\CPlusPlus\PROG 2400 Hal\MazeSolver_w0237252\Debug\MazeSolver_w0237252.exe" /INCREMENTAL /NOLOGO kernel32.lib user32.lib gdi32.lib winspool.lib comdlg32.lib advapi32.lib shell32.lib ole32.lib oleaut32.lib uuid.lib odbc32.lib odbccp32.lib /MANIFEST /MANIFESTUAC:"level='asInvoker' uiAccess='false'" /manifest:embed /DEBUG /PDB:"Z:\GitHub\CPlusPlus\PROG 2400 Hal\MazeSolver_w0237252\Debug\MazeSolver_w0237252.pdb" /SUBSYSTEM:CONSOLE /TLBID:1 /DYNAMICBASE /NXCOMPAT /IMPLIB:"Z:\GitHub\CPlusPlus\PROG 2400 Hal\MazeSolver_w0237252\Debug\MazeSolver_w0237252.lib" /MACHINE:X86 Debug\MazeSolver_w0237252.obj
         Debug\Solver.obj
         Debug\Cords.obj
         Debug\stack.obj
         Debug\stacknode.obj
         Debug\stdafx.obj
         MazeSolver_w0237252.vcxproj -> Z:\GitHub\CPlusPlus\PROG 2400 Hal\MazeSolver_w0237252\Debug\MazeSolver_w0237252.exe
     1>Done Building Project "Z:\GitHub\CPlusPlus\PROG 2400 Hal\MazeSolver_w0237252\MazeSolver_w0237252\MazeSolver_w0237252.vcxproj" (Build target(s)).

Build succeeded.

Time Elapsed 00:00:00.64
